ISim log file
Running: C:\Users\pr1266\finalproject\mips_test_bench_isim_beh.exe -intstyle ise -gui -tclbatch isim.cmd -wdb C:/Users/pr1266/finalproject/mips_test_bench_isim_beh.wdb 
ISim P.20131013 (signature 0x7708f090)
This is a Full version of ISim.
WARNING: File "C:/Users/pr1266/finalproject/mips.v" Line 31.  For instance uut/control_unit/, width 1 of formal port RegDst is not equal to width 2 of actual signal reg_dst.
WARNING: File "C:/Users/pr1266/finalproject/mips.v" Line 31.  For instance uut/control_unit/, width 1 of formal port MemtoReg is not equal to width 2 of actual signal mem_to_reg.
WARNING: File "C:/Users/pr1266/finalproject/mips.v" Line 103.  For instance uut/reg_file/, width 5 of formal port write_addr is not equal to width 1 of actual signal reg_write_dest.
WARNING: File "C:/Users/pr1266/finalproject/mips.v" Line 163.  For instance uut/ADDRESS_ALU/, width 32 of formal port second is not equal to width 1 of actual signal sign_extend.
Time resolution is 1 ps
# onerror resume
# wave add /
# run 1000 ns
Simulator is doing circuit initialization process.
Finished circuit initialization process.
pc current :          4
pc out :          0
instruction : 00100000000000010000000000000011
alu result :          3
pc next :          4
first input alu : 00000000000000000000000000000000
second input alu : 00000000000000000000000000000011
zero register : 00000000000000000000000000000000
pc current :          x
pc out :          4
instruction : 00010000001000100000000000010100
alu result :          0
pc next :          8
first input alu : 00000000000000000000000000000000
second input alu : 00000000000000000000000000000000
zero register : 00000000000000000000000000000000
pc current :          x
pc out :          x
instruction : xxxxxxxxxxxxxxxxxxxxxxxxxxxxxxxx
alu result :          x
pc next :          x
first input alu : xxxxxxxxxxxxxxxxxxxxxxxxxxxxxxxx
second input alu : xxxxxxxxxxxxxxxxxxxxxxxxxxxxxxxx
zero register : 00000000000000000000000000000000
pc current :          x
pc out :          x
instruction : xxxxxxxxxxxxxxxxxxxxxxxxxxxxxxxx
alu result :          x
pc next :          x
first input alu : xxxxxxxxxxxxxxxxxxxxxxxxxxxxxxxx
second input alu : xxxxxxxxxxxxxxxxxxxxxxxxxxxxxxxx
zero register : 00000000000000000000000000000000
pc current :          x
pc out :          x
instruction : xxxxxxxxxxxxxxxxxxxxxxxxxxxxxxxx
alu result :          x
pc next :          x
first input alu : xxxxxxxxxxxxxxxxxxxxxxxxxxxxxxxx
second input alu : xxxxxxxxxxxxxxxxxxxxxxxxxxxxxxxx
zero register : 00000000000000000000000000000000
