--------------------------------------------------------------------------------
Release 14.7 Trace  (nt64)
Copyright (c) 1995-2013 Xilinx, Inc.  All rights reserved.

E:\Xilinx_Software\14.7\ISE_DS\ISE\bin\nt64\unwrapped\trce.exe -intstyle ise -v
3 -s 3 -n 3 -fastpaths -xml mips.twx mips.ncd -o mips.twr mips.pcf

Design file:              mips.ncd
Physical constraint file: mips.pcf
Device,package,speed:     xc6slx9,tqg144,C,-3 (PRODUCTION 1.23 2013-10-13)
Report level:             verbose report

Environment Variable      Effect 
--------------------      ------ 
NONE                      No environment variables were set
--------------------------------------------------------------------------------

INFO:Timing:2698 - No timing constraints found, doing default enumeration.
INFO:Timing:3412 - To improve timing, see the Timing Closure User Guide (UG612).
INFO:Timing:2752 - To get complete path coverage, use the unconstrained paths 
   option. All paths that are not constrained will be reported in the 
   unconstrained paths section(s) of the report.
INFO:Timing:3339 - The clock-to-out numbers in this timing report are based on 
   a 50 Ohm transmission line loading model.  For the details of this model, 
   and for more information on accounting for different loading conditions, 
   please see the device datasheet.



Data Sheet report:
-----------------
All values displayed in nanoseconds (ns)

Clock clk to Pad
--------------+-----------------+------------+-----------------+------------+------------------+--------+
              |Max (slowest) clk|  Process   |Min (fastest) clk|  Process   |                  | Clock  |
Destination   |  (edge) to PAD  |   Corner   |  (edge) to PAD  |   Corner   |Internal Clock(s) | Phase  |
--------------+-----------------+------------+-----------------+------------+------------------+--------+
alu_op<0>     |        10.799(R)|      SLOW  |         5.533(R)|      FAST  |clk_BUFGP         |   0.000|
alu_op<1>     |        12.439(R)|      SLOW  |         6.273(R)|      FAST  |clk_BUFGP         |   0.000|
alu_result<0> |        13.988(R)|      SLOW  |         6.690(R)|      FAST  |clk_BUFGP         |   0.000|
alu_result<1> |        14.508(R)|      SLOW  |         6.480(R)|      FAST  |clk_BUFGP         |   0.000|
alu_result<2> |        14.391(R)|      SLOW  |         6.424(R)|      FAST  |clk_BUFGP         |   0.000|
alu_result<3> |        14.879(R)|      SLOW  |         6.742(R)|      FAST  |clk_BUFGP         |   0.000|
alu_result<4> |        15.195(R)|      SLOW  |         6.891(R)|      FAST  |clk_BUFGP         |   0.000|
alu_result<5> |        14.871(R)|      SLOW  |         6.723(R)|      FAST  |clk_BUFGP         |   0.000|
alu_result<6> |        15.185(R)|      SLOW  |         6.884(R)|      FAST  |clk_BUFGP         |   0.000|
alu_result<7> |        14.834(R)|      SLOW  |         6.432(R)|      FAST  |clk_BUFGP         |   0.000|
alu_result<8> |        15.750(R)|      SLOW  |         6.788(R)|      FAST  |clk_BUFGP         |   0.000|
alu_result<9> |        15.519(R)|      SLOW  |         6.608(R)|      FAST  |clk_BUFGP         |   0.000|
alu_result<10>|        15.709(R)|      SLOW  |         6.757(R)|      FAST  |clk_BUFGP         |   0.000|
alu_result<11>|        15.496(R)|      SLOW  |         6.498(R)|      FAST  |clk_BUFGP         |   0.000|
alu_result<12>|        15.450(R)|      SLOW  |         6.523(R)|      FAST  |clk_BUFGP         |   0.000|
alu_result<13>|        16.218(R)|      SLOW  |         6.446(R)|      FAST  |clk_BUFGP         |   0.000|
alu_result<14>|        15.759(R)|      SLOW  |         6.609(R)|      FAST  |clk_BUFGP         |   0.000|
alu_result<15>|        15.679(R)|      SLOW  |         6.526(R)|      FAST  |clk_BUFGP         |   0.000|
alu_result<16>|        15.426(R)|      SLOW  |         6.333(R)|      FAST  |clk_BUFGP         |   0.000|
alu_result<17>|        15.455(R)|      SLOW  |         6.304(R)|      FAST  |clk_BUFGP         |   0.000|
alu_result<18>|        16.302(R)|      SLOW  |         6.677(R)|      FAST  |clk_BUFGP         |   0.000|
alu_result<19>|        16.279(R)|      SLOW  |         6.621(R)|      FAST  |clk_BUFGP         |   0.000|
alu_result<20>|        16.262(R)|      SLOW  |         6.626(R)|      FAST  |clk_BUFGP         |   0.000|
alu_result<21>|        16.118(R)|      SLOW  |         6.579(R)|      FAST  |clk_BUFGP         |   0.000|
alu_result<22>|        16.297(R)|      SLOW  |         6.675(R)|      FAST  |clk_BUFGP         |   0.000|
alu_result<23>|        16.493(R)|      SLOW  |         6.667(R)|      FAST  |clk_BUFGP         |   0.000|
alu_result<24>|        16.440(R)|      SLOW  |         6.622(R)|      FAST  |clk_BUFGP         |   0.000|
alu_result<25>|        16.165(R)|      SLOW  |         6.481(R)|      FAST  |clk_BUFGP         |   0.000|
alu_result<26>|        15.688(R)|      SLOW  |         6.313(R)|      FAST  |clk_BUFGP         |   0.000|
alu_result<27>|        15.593(R)|      SLOW  |         6.198(R)|      FAST  |clk_BUFGP         |   0.000|
alu_result<28>|        15.978(R)|      SLOW  |         6.249(R)|      FAST  |clk_BUFGP         |   0.000|
alu_result<29>|        16.318(R)|      SLOW  |         6.420(R)|      FAST  |clk_BUFGP         |   0.000|
alu_result<30>|        15.040(R)|      SLOW  |         5.775(R)|      FAST  |clk_BUFGP         |   0.000|
alu_result<31>|        15.269(R)|      SLOW  |         6.060(R)|      FAST  |clk_BUFGP         |   0.000|
pc_out<0>     |        10.118(R)|      SLOW  |         5.593(R)|      FAST  |clk_BUFGP         |   0.000|
pc_out<1>     |         9.930(R)|      SLOW  |         5.454(R)|      FAST  |clk_BUFGP         |   0.000|
pc_out<2>     |         9.507(R)|      SLOW  |         5.193(R)|      FAST  |clk_BUFGP         |   0.000|
pc_out<3>     |         8.379(R)|      SLOW  |         4.513(R)|      FAST  |clk_BUFGP         |   0.000|
pc_out<4>     |        10.714(R)|      SLOW  |         6.127(R)|      FAST  |clk_BUFGP         |   0.000|
pc_out<5>     |         8.446(R)|      SLOW  |         4.573(R)|      FAST  |clk_BUFGP         |   0.000|
pc_out<6>     |         8.346(R)|      SLOW  |         4.495(R)|      FAST  |clk_BUFGP         |   0.000|
pc_out<7>     |         8.186(R)|      SLOW  |         4.399(R)|      FAST  |clk_BUFGP         |   0.000|
pc_out<8>     |         7.929(R)|      SLOW  |         4.241(R)|      FAST  |clk_BUFGP         |   0.000|
pc_out<9>     |         7.867(R)|      SLOW  |         4.204(R)|      FAST  |clk_BUFGP         |   0.000|
pc_out<10>    |         7.707(R)|      SLOW  |         4.108(R)|      FAST  |clk_BUFGP         |   0.000|
pc_out<11>    |         7.537(R)|      SLOW  |         3.996(R)|      FAST  |clk_BUFGP         |   0.000|
pc_out<12>    |         8.015(R)|      SLOW  |         4.327(R)|      FAST  |clk_BUFGP         |   0.000|
pc_out<13>    |         7.837(R)|      SLOW  |         4.221(R)|      FAST  |clk_BUFGP         |   0.000|
pc_out<14>    |         7.963(R)|      SLOW  |         4.290(R)|      FAST  |clk_BUFGP         |   0.000|
pc_out<15>    |         8.052(R)|      SLOW  |         4.342(R)|      FAST  |clk_BUFGP         |   0.000|
pc_out<16>    |         8.388(R)|      SLOW  |         4.499(R)|      FAST  |clk_BUFGP         |   0.000|
pc_out<17>    |         8.227(R)|      SLOW  |         4.379(R)|      FAST  |clk_BUFGP         |   0.000|
pc_out<18>    |         8.452(R)|      SLOW  |         4.532(R)|      FAST  |clk_BUFGP         |   0.000|
pc_out<19>    |         6.816(R)|      SLOW  |         3.492(R)|      FAST  |clk_BUFGP         |   0.000|
pc_out<20>    |         8.064(R)|      SLOW  |         4.277(R)|      FAST  |clk_BUFGP         |   0.000|
pc_out<21>    |         6.816(R)|      SLOW  |         3.492(R)|      FAST  |clk_BUFGP         |   0.000|
pc_out<22>    |         7.897(R)|      SLOW  |         4.148(R)|      FAST  |clk_BUFGP         |   0.000|
pc_out<23>    |         6.802(R)|      SLOW  |         3.489(R)|      FAST  |clk_BUFGP         |   0.000|
pc_out<24>    |         6.797(R)|      SLOW  |         3.484(R)|      FAST  |clk_BUFGP         |   0.000|
pc_out<25>    |         7.384(R)|      SLOW  |         3.831(R)|      FAST  |clk_BUFGP         |   0.000|
pc_out<26>    |         7.351(R)|      SLOW  |         3.810(R)|      FAST  |clk_BUFGP         |   0.000|
pc_out<27>    |         8.257(R)|      SLOW  |         4.417(R)|      FAST  |clk_BUFGP         |   0.000|
pc_out<28>    |         8.289(R)|      SLOW  |         4.433(R)|      FAST  |clk_BUFGP         |   0.000|
pc_out<29>    |         8.266(R)|      SLOW  |         4.389(R)|      FAST  |clk_BUFGP         |   0.000|
pc_out<30>    |         8.469(R)|      SLOW  |         4.515(R)|      FAST  |clk_BUFGP         |   0.000|
pc_out<31>    |         7.971(R)|      SLOW  |         4.221(R)|      FAST  |clk_BUFGP         |   0.000|
--------------+-----------------+------------+-----------------+------------+------------------+--------+

Clock to Setup on destination clock clk
---------------+---------+---------+---------+---------+
               | Src:Rise| Src:Fall| Src:Rise| Src:Fall|
Source Clock   |Dest:Rise|Dest:Rise|Dest:Fall|Dest:Fall|
---------------+---------+---------+---------+---------+
clk            |    9.855|         |         |         |
---------------+---------+---------+---------+---------+


Analysis completed Sun Jul 26 13:42:49 2020 
--------------------------------------------------------------------------------

Trace Settings:
-------------------------
Trace Settings 

Peak Memory Usage: 4557 MB



